Analysis & Synthesis report for ECE411project
Fri Oct 23 20:54:41 2015
Quartus II 32-bit Version 13.1.4 Build 182 03/12/2014 SJ Full Version


---------------------
; Table of Contents ;
---------------------
  1. Legal Notice
  2. Analysis & Synthesis Summary
  3. Analysis & Synthesis Settings
  4. Parallel Compilation
  5. Analysis & Synthesis Source Files Read
  6. Analysis & Synthesis Resource Usage Summary
  7. Analysis & Synthesis Resource Utilization by Entity
  8. General Register Statistics
  9. Elapsed Time Per Partition
 10. Analysis & Synthesis Messages



----------------
; Legal Notice ;
----------------
Copyright (C) 1991-2014 Altera Corporation
Your use of Altera Corporation's design tools, logic functions 
and other software and tools, and its AMPP partner logic 
functions, and any output files from any of the foregoing 
(including device programming or simulation files), and any 
associated documentation or information are expressly subject 
to the terms and conditions of the Altera Program License 
Subscription Agreement, Altera MegaCore Function License 
Agreement, or other applicable license agreement, including, 
without limitation, that your use is for the sole purpose of 
programming logic devices manufactured by Altera and sold by 
Altera or its authorized distributors.  Please refer to the 
applicable agreement for further details.



+----------------------------------------------------------------------------------+
; Analysis & Synthesis Summary                                                     ;
+------------------------------------+---------------------------------------------+
; Analysis & Synthesis Status        ; Successful - Fri Oct 23 20:54:41 2015       ;
; Quartus II 32-bit Version          ; 13.1.4 Build 182 03/12/2014 SJ Full Version ;
; Revision Name                      ; ECE411project                               ;
; Top-level Entity Name              ; mp3                                         ;
; Family                             ; Cyclone IV GX                               ;
; Total logic elements               ; 0                                           ;
;     Total combinational functions  ; 0                                           ;
;     Dedicated logic registers      ; 0                                           ;
; Total registers                    ; 0                                           ;
; Total pins                         ; 276                                         ;
; Total virtual pins                 ; 0                                           ;
; Total memory bits                  ; 0                                           ;
; Embedded Multiplier 9-bit elements ; 0                                           ;
; Total GXB Receiver Channel PCS     ; 0                                           ;
; Total GXB Receiver Channel PMA     ; 0                                           ;
; Total GXB Transmitter Channel PCS  ; 0                                           ;
; Total GXB Transmitter Channel PMA  ; 0                                           ;
; Total PLLs                         ; 0                                           ;
+------------------------------------+---------------------------------------------+


+----------------------------------------------------------------------------------------------------------------------+
; Analysis & Synthesis Settings                                                                                        ;
+----------------------------------------------------------------------------+--------------------+--------------------+
; Option                                                                     ; Setting            ; Default Value      ;
+----------------------------------------------------------------------------+--------------------+--------------------+
; Top-level entity name                                                      ; mp3                ; ECE411project      ;
; Family name                                                                ; Cyclone IV GX      ; Cyclone IV GX      ;
; Use smart compilation                                                      ; Off                ; Off                ;
; Enable parallel Assembler and TimeQuest Timing Analyzer during compilation ; On                 ; On                 ;
; Enable compact report table                                                ; Off                ; Off                ;
; Restructure Multiplexers                                                   ; Auto               ; Auto               ;
; Create Debugging Nodes for IP Cores                                        ; Off                ; Off                ;
; Preserve fewer node names                                                  ; On                 ; On                 ;
; Disable OpenCore Plus hardware evaluation                                  ; Off                ; Off                ;
; Verilog Version                                                            ; Verilog_2001       ; Verilog_2001       ;
; VHDL Version                                                               ; VHDL_1993          ; VHDL_1993          ;
; State Machine Processing                                                   ; Auto               ; Auto               ;
; Safe State Machine                                                         ; Off                ; Off                ;
; Extract Verilog State Machines                                             ; On                 ; On                 ;
; Extract VHDL State Machines                                                ; On                 ; On                 ;
; Ignore Verilog initial constructs                                          ; Off                ; Off                ;
; Iteration limit for constant Verilog loops                                 ; 5000               ; 5000               ;
; Iteration limit for non-constant Verilog loops                             ; 250                ; 250                ;
; Add Pass-Through Logic to Inferred RAMs                                    ; On                 ; On                 ;
; Infer RAMs from Raw Logic                                                  ; On                 ; On                 ;
; Parallel Synthesis                                                         ; On                 ; On                 ;
; DSP Block Balancing                                                        ; Auto               ; Auto               ;
; NOT Gate Push-Back                                                         ; On                 ; On                 ;
; Power-Up Don't Care                                                        ; On                 ; On                 ;
; Remove Redundant Logic Cells                                               ; Off                ; Off                ;
; Remove Duplicate Registers                                                 ; On                 ; On                 ;
; Ignore CARRY Buffers                                                       ; Off                ; Off                ;
; Ignore CASCADE Buffers                                                     ; Off                ; Off                ;
; Ignore GLOBAL Buffers                                                      ; Off                ; Off                ;
; Ignore ROW GLOBAL Buffers                                                  ; Off                ; Off                ;
; Ignore LCELL Buffers                                                       ; Off                ; Off                ;
; Ignore SOFT Buffers                                                        ; On                 ; On                 ;
; Limit AHDL Integers to 32 Bits                                             ; Off                ; Off                ;
; Optimization Technique                                                     ; Balanced           ; Balanced           ;
; Carry Chain Length                                                         ; 70                 ; 70                 ;
; Auto Carry Chains                                                          ; On                 ; On                 ;
; Auto Open-Drain Pins                                                       ; On                 ; On                 ;
; Perform WYSIWYG Primitive Resynthesis                                      ; Off                ; Off                ;
; Auto ROM Replacement                                                       ; On                 ; On                 ;
; Auto RAM Replacement                                                       ; On                 ; On                 ;
; Auto DSP Block Replacement                                                 ; On                 ; On                 ;
; Auto Shift Register Replacement                                            ; Auto               ; Auto               ;
; Allow Shift Register Merging across Hierarchies                            ; Auto               ; Auto               ;
; Auto Clock Enable Replacement                                              ; On                 ; On                 ;
; Strict RAM Replacement                                                     ; Off                ; Off                ;
; Allow Synchronous Control Signals                                          ; On                 ; On                 ;
; Force Use of Synchronous Clear Signals                                     ; Off                ; Off                ;
; Auto RAM Block Balancing                                                   ; On                 ; On                 ;
; Auto RAM to Logic Cell Conversion                                          ; Off                ; Off                ;
; Auto Resource Sharing                                                      ; Off                ; Off                ;
; Allow Any RAM Size For Recognition                                         ; Off                ; Off                ;
; Allow Any ROM Size For Recognition                                         ; Off                ; Off                ;
; Allow Any Shift Register Size For Recognition                              ; Off                ; Off                ;
; Use LogicLock Constraints during Resource Balancing                        ; On                 ; On                 ;
; Ignore translate_off and synthesis_off directives                          ; Off                ; Off                ;
; Timing-Driven Synthesis                                                    ; On                 ; On                 ;
; Report Parameter Settings                                                  ; On                 ; On                 ;
; Report Source Assignments                                                  ; On                 ; On                 ;
; Report Connectivity Checks                                                 ; On                 ; On                 ;
; Ignore Maximum Fan-Out Assignments                                         ; Off                ; Off                ;
; Synchronization Register Chain Length                                      ; 2                  ; 2                  ;
; PowerPlay Power Optimization                                               ; Normal compilation ; Normal compilation ;
; HDL message level                                                          ; Level2             ; Level2             ;
; Suppress Register Optimization Related Messages                            ; Off                ; Off                ;
; Number of Removed Registers Reported in Synthesis Report                   ; 5000               ; 5000               ;
; Number of Swept Nodes Reported in Synthesis Report                         ; 5000               ; 5000               ;
; Number of Inverted Registers Reported in Synthesis Report                  ; 100                ; 100                ;
; Clock MUX Protection                                                       ; On                 ; On                 ;
; Auto Gated Clock Conversion                                                ; Off                ; Off                ;
; Block Design Naming                                                        ; Auto               ; Auto               ;
; SDC constraint protection                                                  ; Off                ; Off                ;
; Synthesis Effort                                                           ; Auto               ; Auto               ;
; Shift Register Replacement - Allow Asynchronous Clear Signal               ; On                 ; On                 ;
; Pre-Mapping Resynthesis Optimization                                       ; Off                ; Off                ;
; Analysis & Synthesis Message Level                                         ; Medium             ; Medium             ;
; Disable Register Merging Across Hierarchies                                ; Auto               ; Auto               ;
; Resource Aware Inference For Block RAM                                     ; On                 ; On                 ;
; Synthesis Seed                                                             ; 1                  ; 1                  ;
+----------------------------------------------------------------------------+--------------------+--------------------+


+------------------------------------------+
; Parallel Compilation                     ;
+----------------------------+-------------+
; Processors                 ; Number      ;
+----------------------------+-------------+
; Number detected on machine ; 4           ;
; Maximum allowed            ; 4           ;
;                            ;             ;
; Average used               ; 1.00        ;
; Maximum used               ; 1           ;
;                            ;             ;
; Usage by Processor         ; % Time Used ;
;     Processor 1            ; 100.0%      ;
;     Processors 2-4         ;   0.0%      ;
+----------------------------+-------------+


+---------------------------------------------------------------------------------------------------------------------------------------------------------+
; Analysis & Synthesis Source Files Read                                                                                                                  ;
+----------------------------------+-----------------+------------------------------+-----------------------------------------------------------+---------+
; File Name with User-Entered Path ; Used in Netlist ; File Type                    ; File Name with Absolute Path                              ; Library ;
+----------------------------------+-----------------+------------------------------+-----------------------------------------------------------+---------+
; mp3.sv                           ; yes             ; User SystemVerilog HDL File  ; /home/thomasn2/ece411/ECE411project/mp3.sv                ;         ;
; cache.sv                         ; yes             ; User SystemVerilog HDL File  ; /home/thomasn2/ece411/ECE411project/cache.sv              ;         ;
; cpu.sv                           ; yes             ; User SystemVerilog HDL File  ; /home/thomasn2/ece411/ECE411project/cpu.sv                ;         ;
; cpu_datapath.sv                  ; yes             ; User SystemVerilog HDL File  ; /home/thomasn2/ece411/ECE411project/cpu_datapath.sv       ;         ;
; cpu_control.sv                   ; yes             ; User SystemVerilog HDL File  ; /home/thomasn2/ece411/ECE411project/cpu_control.sv        ;         ;
; instruction_fetch.sv             ; yes             ; User SystemVerilog HDL File  ; /home/thomasn2/ece411/ECE411project/instruction_fetch.sv  ;         ;
; latch_if_id.sv                   ; yes             ; User SystemVerilog HDL File  ; /home/thomasn2/ece411/ECE411project/latch_if_id.sv        ;         ;
; instruction_decode.sv            ; yes             ; User SystemVerilog HDL File  ; /home/thomasn2/ece411/ECE411project/instruction_decode.sv ;         ;
; latch_id_ex.sv                   ; yes             ; User SystemVerilog HDL File  ; /home/thomasn2/ece411/ECE411project/latch_id_ex.sv        ;         ;
; execution_module.sv              ; yes             ; User SystemVerilog HDL File  ; /home/thomasn2/ece411/ECE411project/execution_module.sv   ;         ;
; latch_ex_mem.sv                  ; yes             ; User SystemVerilog HDL File  ; /home/thomasn2/ece411/ECE411project/latch_ex_mem.sv       ;         ;
; memory_module.sv                 ; yes             ; User SystemVerilog HDL File  ; /home/thomasn2/ece411/ECE411project/memory_module.sv      ;         ;
; latch_wb.sv                      ; yes             ; User SystemVerilog HDL File  ; /home/thomasn2/ece411/ECE411project/latch_wb.sv           ;         ;
; writeback_module.sv              ; yes             ; User SystemVerilog HDL File  ; /home/thomasn2/ece411/ECE411project/writeback_module.sv   ;         ;
+----------------------------------+-----------------+------------------------------+-----------------------------------------------------------+---------+


+---------------------------------------------+
; Analysis & Synthesis Resource Usage Summary ;
+--------------------------+------------------+
; Resource                 ; Usage            ;
+--------------------------+------------------+
; I/O pins                 ; 276              ;
; DSP block 9-bit elements ; 0                ;
; Maximum fan-out node     ; clk              ;
; Maximum fan-out          ; 1                ;
; Total fan-out            ; 276              ;
; Average fan-out          ; 0.50             ;
+--------------------------+------------------+


+-----------------------------------------------------------------------------------------------------------------------------------------------------------------------------------------+
; Analysis & Synthesis Resource Utilization by Entity                                                                                                                                     ;
+----------------------------+-------------------+--------------+-------------+--------------+---------+-----------+-----------+------+--------------+---------------------+--------------+
; Compilation Hierarchy Node ; LC Combinationals ; LC Registers ; Memory Bits ; DSP Elements ; DSP 9x9 ; DSP 18x18 ; DSP 36x36 ; Pins ; Virtual Pins ; Full Hierarchy Name ; Library Name ;
+----------------------------+-------------------+--------------+-------------+--------------+---------+-----------+-----------+------+--------------+---------------------+--------------+
; |mp3                       ; 0 (0)             ; 0 (0)        ; 0           ; 0            ; 0       ; 0         ; 0         ; 276  ; 0            ; |mp3                ; work         ;
+----------------------------+-------------------+--------------+-------------+--------------+---------+-----------+-----------+------+--------------+---------------------+--------------+
Note: For table entries with two numbers listed, the numbers in parentheses indicate the number of resources of the given type used by the specific entity alone. The numbers listed outside of parentheses indicate the total resources of the given type used by the specific entity and all of its sub-entities in the hierarchy.


+------------------------------------------------------+
; General Register Statistics                          ;
+----------------------------------------------+-------+
; Statistic                                    ; Value ;
+----------------------------------------------+-------+
; Total registers                              ; 0     ;
; Number of registers using Synchronous Clear  ; 0     ;
; Number of registers using Synchronous Load   ; 0     ;
; Number of registers using Asynchronous Clear ; 0     ;
; Number of registers using Asynchronous Load  ; 0     ;
; Number of registers using Clock Enable       ; 0     ;
; Number of registers using Preset             ; 0     ;
+----------------------------------------------+-------+


+-------------------------------+
; Elapsed Time Per Partition    ;
+----------------+--------------+
; Partition Name ; Elapsed Time ;
+----------------+--------------+
; Top            ; 00:00:00     ;
+----------------+--------------+


+-------------------------------+
; Analysis & Synthesis Messages ;
+-------------------------------+
Info: *******************************************************************
Info: Running Quartus II 32-bit Analysis & Synthesis
    Info: Version 13.1.4 Build 182 03/12/2014 SJ Full Version
    Info: Processing started: Fri Oct 23 20:54:38 2015
Info: Command: quartus_map --read_settings_files=on --write_settings_files=off ECE411project -c ECE411project
Info (20030): Parallel compilation is enabled and will use 4 of the 4 processors detected
Info (12021): Found 1 design units, including 0 entities, in source file lc3b_types.sv
    Info (12022): Found design unit 1: lc3b_types (SystemVerilog)
Warning (10275): Verilog HDL Module Instantiation warning at mp3.sv(25): ignored dangling comma in List of Port Connections
Info (12021): Found 1 design units, including 1 entities, in source file mp3.sv
    Info (12023): Found entity 1: mp3
Info (12021): Found 1 design units, including 1 entities, in source file cache.sv
    Info (12023): Found entity 1: cache
Info (12021): Found 1 design units, including 1 entities, in source file cpu.sv
    Info (12023): Found entity 1: cpu
Info (12021): Found 1 design units, including 1 entities, in source file cpu_datapath.sv
    Info (12023): Found entity 1: cpu_datapath
Info (12021): Found 1 design units, including 1 entities, in source file cpu_control.sv
    Info (12023): Found entity 1: cpu_control
Info (12021): Found 1 design units, including 1 entities, in source file instruction_fetch.sv
    Info (12023): Found entity 1: instruction_fetch
Info (12021): Found 1 design units, including 1 entities, in source file latch_if_id.sv
    Info (12023): Found entity 1: latch_if_id
Info (12021): Found 1 design units, including 1 entities, in source file instruction_decode.sv
    Info (12023): Found entity 1: instruction_decode
Info (12021): Found 1 design units, including 1 entities, in source file latch_id_ex.sv
    Info (12023): Found entity 1: latch_id_ex
Info (12021): Found 1 design units, including 1 entities, in source file execution_module.sv
    Info (12023): Found entity 1: execution_module
Info (12021): Found 1 design units, including 1 entities, in source file latch_ex_mem.sv
    Info (12023): Found entity 1: latch_ex_mem
Info (12021): Found 1 design units, including 1 entities, in source file memory_module.sv
    Info (12023): Found entity 1: memory_module
Info (12021): Found 1 design units, including 1 entities, in source file latch_wb.sv
    Info (12023): Found entity 1: latch_wb
Info (12021): Found 1 design units, including 1 entities, in source file writeback_module.sv
    Info (12023): Found entity 1: writeback_module
Info (12127): Elaborating entity "mp3" for the top level hierarchy
Warning (10034): Output port "pmem_address" at mp3.sv(9) has no driver
Warning (10034): Output port "pmem_wdata" at mp3.sv(11) has no driver
Warning (10034): Output port "pmem_read" at mp3.sv(8) has no driver
Warning (10034): Output port "pmem_write" at mp3.sv(8) has no driver
Info (12128): Elaborating entity "cache" for hierarchy "cache:LC3b_Cache"
Info (12128): Elaborating entity "cpu" for hierarchy "cpu:LC3b_CPU"
Info (12128): Elaborating entity "cpu_datapath" for hierarchy "cpu:LC3b_CPU|cpu_datapath:LC3b_Datapath"
Info (12128): Elaborating entity "instruction_fetch" for hierarchy "cpu:LC3b_CPU|cpu_datapath:LC3b_Datapath|instruction_fetch:IF_Logic"
Info (12128): Elaborating entity "latch_if_id" for hierarchy "cpu:LC3b_CPU|cpu_datapath:LC3b_Datapath|latch_if_id:IF_ID_Latch"
Warning (12158): Entity "latch_if_id" contains only dangling pins
Info (12128): Elaborating entity "instruction_decode" for hierarchy "cpu:LC3b_CPU|cpu_datapath:LC3b_Datapath|instruction_decode:ID_Logic"
Info (12128): Elaborating entity "latch_id_ex" for hierarchy "cpu:LC3b_CPU|cpu_datapath:LC3b_Datapath|latch_id_ex:ID_EX_Latch"
Warning (12158): Entity "latch_id_ex" contains only dangling pins
Info (12128): Elaborating entity "execution_module" for hierarchy "cpu:LC3b_CPU|cpu_datapath:LC3b_Datapath|execution_module:EX_module"
Info (12128): Elaborating entity "latch_ex_mem" for hierarchy "cpu:LC3b_CPU|cpu_datapath:LC3b_Datapath|latch_ex_mem:EX_MEM_Latch"
Warning (12158): Entity "latch_ex_mem" contains only dangling pins
Info (12128): Elaborating entity "memory_module" for hierarchy "cpu:LC3b_CPU|cpu_datapath:LC3b_Datapath|memory_module:Mem_Module"
Info (12128): Elaborating entity "latch_wb" for hierarchy "cpu:LC3b_CPU|cpu_datapath:LC3b_Datapath|latch_wb:WB_latch"
Warning (12158): Entity "latch_wb" contains only dangling pins
Info (12128): Elaborating entity "writeback_module" for hierarchy "cpu:LC3b_CPU|cpu_datapath:LC3b_Datapath|writeback_module:WB_Module"
Info (12128): Elaborating entity "cpu_control" for hierarchy "cpu:LC3b_CPU|cpu_control:LC3b_Control"
Warning (13024): Output pins are stuck at VCC or GND
    Warning (13410): Pin "pmem_read" is stuck at GND
    Warning (13410): Pin "pmem_write" is stuck at GND
    Warning (13410): Pin "pmem_address[0]" is stuck at GND
    Warning (13410): Pin "pmem_address[1]" is stuck at GND
    Warning (13410): Pin "pmem_address[2]" is stuck at GND
    Warning (13410): Pin "pmem_address[3]" is stuck at GND
    Warning (13410): Pin "pmem_address[4]" is stuck at GND
    Warning (13410): Pin "pmem_address[5]" is stuck at GND
    Warning (13410): Pin "pmem_address[6]" is stuck at GND
    Warning (13410): Pin "pmem_address[7]" is stuck at GND
    Warning (13410): Pin "pmem_address[8]" is stuck at GND
    Warning (13410): Pin "pmem_address[9]" is stuck at GND
    Warning (13410): Pin "pmem_address[10]" is stuck at GND
    Warning (13410): Pin "pmem_address[11]" is stuck at GND
    Warning (13410): Pin "pmem_address[12]" is stuck at GND
    Warning (13410): Pin "pmem_address[13]" is stuck at GND
    Warning (13410): Pin "pmem_address[14]" is stuck at GND
    Warning (13410): Pin "pmem_address[15]" is stuck at GND
    Warning (13410): Pin "pmem_wdata[0]" is stuck at GND
    Warning (13410): Pin "pmem_wdata[1]" is stuck at GND
    Warning (13410): Pin "pmem_wdata[2]" is stuck at GND
    Warning (13410): Pin "pmem_wdata[3]" is stuck at GND
    Warning (13410): Pin "pmem_wdata[4]" is stuck at GND
    Warning (13410): Pin "pmem_wdata[5]" is stuck at GND
    Warning (13410): Pin "pmem_wdata[6]" is stuck at GND
    Warning (13410): Pin "pmem_wdata[7]" is stuck at GND
    Warning (13410): Pin "pmem_wdata[8]" is stuck at GND
    Warning (13410): Pin "pmem_wdata[9]" is stuck at GND
    Warning (13410): Pin "pmem_wdata[10]" is stuck at GND
    Warning (13410): Pin "pmem_wdata[11]" is stuck at GND
    Warning (13410): Pin "pmem_wdata[12]" is stuck at GND
    Warning (13410): Pin "pmem_wdata[13]" is stuck at GND
    Warning (13410): Pin "pmem_wdata[14]" is stuck at GND
    Warning (13410): Pin "pmem_wdata[15]" is stuck at GND
    Warning (13410): Pin "pmem_wdata[16]" is stuck at GND
    Warning (13410): Pin "pmem_wdata[17]" is stuck at GND
    Warning (13410): Pin "pmem_wdata[18]" is stuck at GND
    Warning (13410): Pin "pmem_wdata[19]" is stuck at GND
    Warning (13410): Pin "pmem_wdata[20]" is stuck at GND
    Warning (13410): Pin "pmem_wdata[21]" is stuck at GND
    Warning (13410): Pin "pmem_wdata[22]" is stuck at GND
    Warning (13410): Pin "pmem_wdata[23]" is stuck at GND
    Warning (13410): Pin "pmem_wdata[24]" is stuck at GND
    Warning (13410): Pin "pmem_wdata[25]" is stuck at GND
    Warning (13410): Pin "pmem_wdata[26]" is stuck at GND
    Warning (13410): Pin "pmem_wdata[27]" is stuck at GND
    Warning (13410): Pin "pmem_wdata[28]" is stuck at GND
    Warning (13410): Pin "pmem_wdata[29]" is stuck at GND
    Warning (13410): Pin "pmem_wdata[30]" is stuck at GND
    Warning (13410): Pin "pmem_wdata[31]" is stuck at GND
    Warning (13410): Pin "pmem_wdata[32]" is stuck at GND
    Warning (13410): Pin "pmem_wdata[33]" is stuck at GND
    Warning (13410): Pin "pmem_wdata[34]" is stuck at GND
    Warning (13410): Pin "pmem_wdata[35]" is stuck at GND
    Warning (13410): Pin "pmem_wdata[36]" is stuck at GND
    Warning (13410): Pin "pmem_wdata[37]" is stuck at GND
    Warning (13410): Pin "pmem_wdata[38]" is stuck at GND
    Warning (13410): Pin "pmem_wdata[39]" is stuck at GND
    Warning (13410): Pin "pmem_wdata[40]" is stuck at GND
    Warning (13410): Pin "pmem_wdata[41]" is stuck at GND
    Warning (13410): Pin "pmem_wdata[42]" is stuck at GND
    Warning (13410): Pin "pmem_wdata[43]" is stuck at GND
    Warning (13410): Pin "pmem_wdata[44]" is stuck at GND
    Warning (13410): Pin "pmem_wdata[45]" is stuck at GND
    Warning (13410): Pin "pmem_wdata[46]" is stuck at GND
    Warning (13410): Pin "pmem_wdata[47]" is stuck at GND
    Warning (13410): Pin "pmem_wdata[48]" is stuck at GND
    Warning (13410): Pin "pmem_wdata[49]" is stuck at GND
    Warning (13410): Pin "pmem_wdata[50]" is stuck at GND
    Warning (13410): Pin "pmem_wdata[51]" is stuck at GND
    Warning (13410): Pin "pmem_wdata[52]" is stuck at GND
    Warning (13410): Pin "pmem_wdata[53]" is stuck at GND
    Warning (13410): Pin "pmem_wdata[54]" is stuck at GND
    Warning (13410): Pin "pmem_wdata[55]" is stuck at GND
    Warning (13410): Pin "pmem_wdata[56]" is stuck at GND
    Warning (13410): Pin "pmem_wdata[57]" is stuck at GND
    Warning (13410): Pin "pmem_wdata[58]" is stuck at GND
    Warning (13410): Pin "pmem_wdata[59]" is stuck at GND
    Warning (13410): Pin "pmem_wdata[60]" is stuck at GND
    Warning (13410): Pin "pmem_wdata[61]" is stuck at GND
    Warning (13410): Pin "pmem_wdata[62]" is stuck at GND
    Warning (13410): Pin "pmem_wdata[63]" is stuck at GND
    Warning (13410): Pin "pmem_wdata[64]" is stuck at GND
    Warning (13410): Pin "pmem_wdata[65]" is stuck at GND
    Warning (13410): Pin "pmem_wdata[66]" is stuck at GND
    Warning (13410): Pin "pmem_wdata[67]" is stuck at GND
    Warning (13410): Pin "pmem_wdata[68]" is stuck at GND
    Warning (13410): Pin "pmem_wdata[69]" is stuck at GND
    Warning (13410): Pin "pmem_wdata[70]" is stuck at GND
    Warning (13410): Pin "pmem_wdata[71]" is stuck at GND
    Warning (13410): Pin "pmem_wdata[72]" is stuck at GND
    Warning (13410): Pin "pmem_wdata[73]" is stuck at GND
    Warning (13410): Pin "pmem_wdata[74]" is stuck at GND
    Warning (13410): Pin "pmem_wdata[75]" is stuck at GND
    Warning (13410): Pin "pmem_wdata[76]" is stuck at GND
    Warning (13410): Pin "pmem_wdata[77]" is stuck at GND
    Warning (13410): Pin "pmem_wdata[78]" is stuck at GND
    Warning (13410): Pin "pmem_wdata[79]" is stuck at GND
    Warning (13410): Pin "pmem_wdata[80]" is stuck at GND
    Warning (13410): Pin "pmem_wdata[81]" is stuck at GND
    Warning (13410): Pin "pmem_wdata[82]" is stuck at GND
    Warning (13410): Pin "pmem_wdata[83]" is stuck at GND
    Warning (13410): Pin "pmem_wdata[84]" is stuck at GND
    Warning (13410): Pin "pmem_wdata[85]" is stuck at GND
    Warning (13410): Pin "pmem_wdata[86]" is stuck at GND
    Warning (13410): Pin "pmem_wdata[87]" is stuck at GND
    Warning (13410): Pin "pmem_wdata[88]" is stuck at GND
    Warning (13410): Pin "pmem_wdata[89]" is stuck at GND
    Warning (13410): Pin "pmem_wdata[90]" is stuck at GND
    Warning (13410): Pin "pmem_wdata[91]" is stuck at GND
    Warning (13410): Pin "pmem_wdata[92]" is stuck at GND
    Warning (13410): Pin "pmem_wdata[93]" is stuck at GND
    Warning (13410): Pin "pmem_wdata[94]" is stuck at GND
    Warning (13410): Pin "pmem_wdata[95]" is stuck at GND
    Warning (13410): Pin "pmem_wdata[96]" is stuck at GND
    Warning (13410): Pin "pmem_wdata[97]" is stuck at GND
    Warning (13410): Pin "pmem_wdata[98]" is stuck at GND
    Warning (13410): Pin "pmem_wdata[99]" is stuck at GND
    Warning (13410): Pin "pmem_wdata[100]" is stuck at GND
    Warning (13410): Pin "pmem_wdata[101]" is stuck at GND
    Warning (13410): Pin "pmem_wdata[102]" is stuck at GND
    Warning (13410): Pin "pmem_wdata[103]" is stuck at GND
    Warning (13410): Pin "pmem_wdata[104]" is stuck at GND
    Warning (13410): Pin "pmem_wdata[105]" is stuck at GND
    Warning (13410): Pin "pmem_wdata[106]" is stuck at GND
    Warning (13410): Pin "pmem_wdata[107]" is stuck at GND
    Warning (13410): Pin "pmem_wdata[108]" is stuck at GND
    Warning (13410): Pin "pmem_wdata[109]" is stuck at GND
    Warning (13410): Pin "pmem_wdata[110]" is stuck at GND
    Warning (13410): Pin "pmem_wdata[111]" is stuck at GND
    Warning (13410): Pin "pmem_wdata[112]" is stuck at GND
    Warning (13410): Pin "pmem_wdata[113]" is stuck at GND
    Warning (13410): Pin "pmem_wdata[114]" is stuck at GND
    Warning (13410): Pin "pmem_wdata[115]" is stuck at GND
    Warning (13410): Pin "pmem_wdata[116]" is stuck at GND
    Warning (13410): Pin "pmem_wdata[117]" is stuck at GND
    Warning (13410): Pin "pmem_wdata[118]" is stuck at GND
    Warning (13410): Pin "pmem_wdata[119]" is stuck at GND
    Warning (13410): Pin "pmem_wdata[120]" is stuck at GND
    Warning (13410): Pin "pmem_wdata[121]" is stuck at GND
    Warning (13410): Pin "pmem_wdata[122]" is stuck at GND
    Warning (13410): Pin "pmem_wdata[123]" is stuck at GND
    Warning (13410): Pin "pmem_wdata[124]" is stuck at GND
    Warning (13410): Pin "pmem_wdata[125]" is stuck at GND
    Warning (13410): Pin "pmem_wdata[126]" is stuck at GND
    Warning (13410): Pin "pmem_wdata[127]" is stuck at GND
Info (16010): Generating hard_block partition "hard_block:auto_generated_inst"
    Info (16011): Adding 0 node(s), including 0 DDIO, 0 PLL, 0 transceiver and 0 LCELL
Warning (21074): Design contains 130 input pin(s) that do not drive logic
    Warning (15610): No output dependent on input pin "clk"
    Warning (15610): No output dependent on input pin "pmem_resp"
    Warning (15610): No output dependent on input pin "pmem_rdata[0]"
    Warning (15610): No output dependent on input pin "pmem_rdata[1]"
    Warning (15610): No output dependent on input pin "pmem_rdata[2]"
    Warning (15610): No output dependent on input pin "pmem_rdata[3]"
    Warning (15610): No output dependent on input pin "pmem_rdata[4]"
    Warning (15610): No output dependent on input pin "pmem_rdata[5]"
    Warning (15610): No output dependent on input pin "pmem_rdata[6]"
    Warning (15610): No output dependent on input pin "pmem_rdata[7]"
    Warning (15610): No output dependent on input pin "pmem_rdata[8]"
    Warning (15610): No output dependent on input pin "pmem_rdata[9]"
    Warning (15610): No output dependent on input pin "pmem_rdata[10]"
    Warning (15610): No output dependent on input pin "pmem_rdata[11]"
    Warning (15610): No output dependent on input pin "pmem_rdata[12]"
    Warning (15610): No output dependent on input pin "pmem_rdata[13]"
    Warning (15610): No output dependent on input pin "pmem_rdata[14]"
    Warning (15610): No output dependent on input pin "pmem_rdata[15]"
    Warning (15610): No output dependent on input pin "pmem_rdata[16]"
    Warning (15610): No output dependent on input pin "pmem_rdata[17]"
    Warning (15610): No output dependent on input pin "pmem_rdata[18]"
    Warning (15610): No output dependent on input pin "pmem_rdata[19]"
    Warning (15610): No output dependent on input pin "pmem_rdata[20]"
    Warning (15610): No output dependent on input pin "pmem_rdata[21]"
    Warning (15610): No output dependent on input pin "pmem_rdata[22]"
    Warning (15610): No output dependent on input pin "pmem_rdata[23]"
    Warning (15610): No output dependent on input pin "pmem_rdata[24]"
    Warning (15610): No output dependent on input pin "pmem_rdata[25]"
    Warning (15610): No output dependent on input pin "pmem_rdata[26]"
    Warning (15610): No output dependent on input pin "pmem_rdata[27]"
    Warning (15610): No output dependent on input pin "pmem_rdata[28]"
    Warning (15610): No output dependent on input pin "pmem_rdata[29]"
    Warning (15610): No output dependent on input pin "pmem_rdata[30]"
    Warning (15610): No output dependent on input pin "pmem_rdata[31]"
    Warning (15610): No output dependent on input pin "pmem_rdata[32]"
    Warning (15610): No output dependent on input pin "pmem_rdata[33]"
    Warning (15610): No output dependent on input pin "pmem_rdata[34]"
    Warning (15610): No output dependent on input pin "pmem_rdata[35]"
    Warning (15610): No output dependent on input pin "pmem_rdata[36]"
    Warning (15610): No output dependent on input pin "pmem_rdata[37]"
    Warning (15610): No output dependent on input pin "pmem_rdata[38]"
    Warning (15610): No output dependent on input pin "pmem_rdata[39]"
    Warning (15610): No output dependent on input pin "pmem_rdata[40]"
    Warning (15610): No output dependent on input pin "pmem_rdata[41]"
    Warning (15610): No output dependent on input pin "pmem_rdata[42]"
    Warning (15610): No output dependent on input pin "pmem_rdata[43]"
    Warning (15610): No output dependent on input pin "pmem_rdata[44]"
    Warning (15610): No output dependent on input pin "pmem_rdata[45]"
    Warning (15610): No output dependent on input pin "pmem_rdata[46]"
    Warning (15610): No output dependent on input pin "pmem_rdata[47]"
    Warning (15610): No output dependent on input pin "pmem_rdata[48]"
    Warning (15610): No output dependent on input pin "pmem_rdata[49]"
    Warning (15610): No output dependent on input pin "pmem_rdata[50]"
    Warning (15610): No output dependent on input pin "pmem_rdata[51]"
    Warning (15610): No output dependent on input pin "pmem_rdata[52]"
    Warning (15610): No output dependent on input pin "pmem_rdata[53]"
    Warning (15610): No output dependent on input pin "pmem_rdata[54]"
    Warning (15610): No output dependent on input pin "pmem_rdata[55]"
    Warning (15610): No output dependent on input pin "pmem_rdata[56]"
    Warning (15610): No output dependent on input pin "pmem_rdata[57]"
    Warning (15610): No output dependent on input pin "pmem_rdata[58]"
    Warning (15610): No output dependent on input pin "pmem_rdata[59]"
    Warning (15610): No output dependent on input pin "pmem_rdata[60]"
    Warning (15610): No output dependent on input pin "pmem_rdata[61]"
    Warning (15610): No output dependent on input pin "pmem_rdata[62]"
    Warning (15610): No output dependent on input pin "pmem_rdata[63]"
    Warning (15610): No output dependent on input pin "pmem_rdata[64]"
    Warning (15610): No output dependent on input pin "pmem_rdata[65]"
    Warning (15610): No output dependent on input pin "pmem_rdata[66]"
    Warning (15610): No output dependent on input pin "pmem_rdata[67]"
    Warning (15610): No output dependent on input pin "pmem_rdata[68]"
    Warning (15610): No output dependent on input pin "pmem_rdata[69]"
    Warning (15610): No output dependent on input pin "pmem_rdata[70]"
    Warning (15610): No output dependent on input pin "pmem_rdata[71]"
    Warning (15610): No output dependent on input pin "pmem_rdata[72]"
    Warning (15610): No output dependent on input pin "pmem_rdata[73]"
    Warning (15610): No output dependent on input pin "pmem_rdata[74]"
    Warning (15610): No output dependent on input pin "pmem_rdata[75]"
    Warning (15610): No output dependent on input pin "pmem_rdata[76]"
    Warning (15610): No output dependent on input pin "pmem_rdata[77]"
    Warning (15610): No output dependent on input pin "pmem_rdata[78]"
    Warning (15610): No output dependent on input pin "pmem_rdata[79]"
    Warning (15610): No output dependent on input pin "pmem_rdata[80]"
    Warning (15610): No output dependent on input pin "pmem_rdata[81]"
    Warning (15610): No output dependent on input pin "pmem_rdata[82]"
    Warning (15610): No output dependent on input pin "pmem_rdata[83]"
    Warning (15610): No output dependent on input pin "pmem_rdata[84]"
    Warning (15610): No output dependent on input pin "pmem_rdata[85]"
    Warning (15610): No output dependent on input pin "pmem_rdata[86]"
    Warning (15610): No output dependent on input pin "pmem_rdata[87]"
    Warning (15610): No output dependent on input pin "pmem_rdata[88]"
    Warning (15610): No output dependent on input pin "pmem_rdata[89]"
    Warning (15610): No output dependent on input pin "pmem_rdata[90]"
    Warning (15610): No output dependent on input pin "pmem_rdata[91]"
    Warning (15610): No output dependent on input pin "pmem_rdata[92]"
    Warning (15610): No output dependent on input pin "pmem_rdata[93]"
    Warning (15610): No output dependent on input pin "pmem_rdata[94]"
    Warning (15610): No output dependent on input pin "pmem_rdata[95]"
    Warning (15610): No output dependent on input pin "pmem_rdata[96]"
    Warning (15610): No output dependent on input pin "pmem_rdata[97]"
    Warning (15610): No output dependent on input pin "pmem_rdata[98]"
    Warning (15610): No output dependent on input pin "pmem_rdata[99]"
    Warning (15610): No output dependent on input pin "pmem_rdata[100]"
    Warning (15610): No output dependent on input pin "pmem_rdata[101]"
    Warning (15610): No output dependent on input pin "pmem_rdata[102]"
    Warning (15610): No output dependent on input pin "pmem_rdata[103]"
    Warning (15610): No output dependent on input pin "pmem_rdata[104]"
    Warning (15610): No output dependent on input pin "pmem_rdata[105]"
    Warning (15610): No output dependent on input pin "pmem_rdata[106]"
    Warning (15610): No output dependent on input pin "pmem_rdata[107]"
    Warning (15610): No output dependent on input pin "pmem_rdata[108]"
    Warning (15610): No output dependent on input pin "pmem_rdata[109]"
    Warning (15610): No output dependent on input pin "pmem_rdata[110]"
    Warning (15610): No output dependent on input pin "pmem_rdata[111]"
    Warning (15610): No output dependent on input pin "pmem_rdata[112]"
    Warning (15610): No output dependent on input pin "pmem_rdata[113]"
    Warning (15610): No output dependent on input pin "pmem_rdata[114]"
    Warning (15610): No output dependent on input pin "pmem_rdata[115]"
    Warning (15610): No output dependent on input pin "pmem_rdata[116]"
    Warning (15610): No output dependent on input pin "pmem_rdata[117]"
    Warning (15610): No output dependent on input pin "pmem_rdata[118]"
    Warning (15610): No output dependent on input pin "pmem_rdata[119]"
    Warning (15610): No output dependent on input pin "pmem_rdata[120]"
    Warning (15610): No output dependent on input pin "pmem_rdata[121]"
    Warning (15610): No output dependent on input pin "pmem_rdata[122]"
    Warning (15610): No output dependent on input pin "pmem_rdata[123]"
    Warning (15610): No output dependent on input pin "pmem_rdata[124]"
    Warning (15610): No output dependent on input pin "pmem_rdata[125]"
    Warning (15610): No output dependent on input pin "pmem_rdata[126]"
    Warning (15610): No output dependent on input pin "pmem_rdata[127]"
Info (21057): Implemented 276 device resources after synthesis - the final resource count might be different
    Info (21058): Implemented 130 input pins
    Info (21059): Implemented 146 output pins
Info: Quartus II 32-bit Analysis & Synthesis was successful. 0 errors, 287 warnings
    Info: Peak virtual memory: 402 megabytes
    Info: Processing ended: Fri Oct 23 20:54:41 2015
    Info: Elapsed time: 00:00:03
    Info: Total CPU time (on all processors): 00:00:01


